<?xml version="1.0" encoding="UTF-8"?>
<!-- Generated by org.testng.reporters.JUnitXMLReporter -->
<testsuite ignored="0" hostname="LAPTOP-VKAG1RPA" failures="0" tests="4" name="Test" time="33.6" errors="0" timestamp="2020-10-10T14:27:10 IST">
  <testcase classname="Academy.ValidateHomeButton" name="validateHome" time="0.118"/>
  <testcase classname="Academy.ValidateTitle" name="getTitle" time="0.123"/>
  <testcase classname="Academy.HomePageNavigation" name="basePageNavigation" time="11.937"/>
  <testcase classname="Academy.HomePageNavigation" name="basePageNavigation" time="1.221"/>
</testsuite> <!-- Test -->
