<?xml version="1.0" encoding="UTF-8"?>
<!-- Generated by org.testng.reporters.JUnitXMLReporter -->
<testsuite ignored="0" hostname="LAPTOP-VKAG1RPA" failures="0" tests="4" name="Test" time="39.523" errors="0" timestamp="2020-10-10T12:57:05 IST">
  <testcase classname="Academy.ValidateHomeButton" name="validateHome" time="0.193"/>
  <testcase classname="Academy.ValidateTitle" name="getTitle" time="0.047"/>
  <testcase classname="Academy.HomePageNavigation" name="basePageNavigation" time="4.539"/>
  <testcase classname="Academy.HomePageNavigation" name="basePageNavigation" time="3.283"/>
</testsuite> <!-- Test -->
