<?xml version="1.0" encoding="UTF-8"?>
<!-- Generated by org.testng.reporters.JUnitXMLReporter -->
<testsuite ignored="0" hostname="LAPTOP-VKAG1RPA" failures="1" tests="2" name="ValidateTitle" time="14.41" errors="0" timestamp="2021-03-09T18:40:26 IST">
  <testcase classname="Academy.ValidateTitle" name="getHeader" time="0.476"/>
  <testcase classname="Academy.ValidateTitle" name="getTitle" time="0.168">
    <failure type="java.lang.AssertionError" message="expected [FEATURED COURSES..] but found [FEATURED COURSES]">
      <![CDATA[java.lang.AssertionError: expected [FEATURED COURSES..] but found [FEATURED COURSES]
at Academy.ValidateTitle.getTitle(ValidateTitle.java:36)
at java.base/java.util.ArrayList.forEach(ArrayList.java:1541)
at java.base/java.util.concurrent.FutureTask.run(FutureTask.java:264)
at java.base/java.util.concurrent.ThreadPoolExecutor.runWorker(ThreadPoolExecutor.java:1128)
at java.base/java.util.concurrent.ThreadPoolExecutor$Worker.run(ThreadPoolExecutor.java:628)
at java.base/java.lang.Thread.run(Thread.java:834)
... Removed 24 stack frames]]>
    </failure>
  </testcase> <!-- getTitle -->
</testsuite> <!-- ValidateTitle -->
