-------------------------------------------------------------------------------
Test set: TestSuite
-------------------------------------------------------------------------------
Tests run: 5, Failures: 1, Errors: 0, Skipped: 0, Time elapsed: 21.276 s <<< FAILURE! - in TestSuite
Academy.ValidateTitle.getTitle  Time elapsed: 0.181 s  <<< FAILURE!
java.lang.AssertionError: expected [FEATURED COURSES..] but found [FEATURED COURSES]
	at Academy.ValidateTitle.getTitle(ValidateTitle.java:36)

