<?xml version="1.0" encoding="UTF-8"?>
<testsuite xmlns:xsi="http://www.w3.org/2001/XMLSchema-instance" xsi:noNamespaceSchemaLocation="https://maven.apache.org/surefire/maven-surefire-plugin/xsd/surefire-test-report-3.0.xsd" version="3.0" name="TestSuite" time="21.276" tests="5" errors="0" skipped="0" failures="1">
  <properties>
[...]
</properties>
  <testcase name="validateHome" classname="Academy.ValidateHomeButton" time="0.665">
    <system-err><![CDATA[SLF4J: Failed to load class "org.slf4j.impl.StaticLoggerBinder".
SLF4J: Defaulting to no-operation (NOP) logger implementation
SLF4J: See http://www.slf4j.org/codes.html#StaticLoggerBinder for further details.
Starting ChromeDriver 89.0.4389.23 (61b08ee2c50024bab004e48d2b1b083cdbdac579-refs/branch-heads/4389@{#294}) on port 41471
Only local connections are allowed.
Please see https://chromedriver.chromium.org/security-considerations for suggestions on keeping ChromeDriver safe.
StartiSntagr tiCnhg rCohrmoemDeDrriivCvehrero rm89e .Dr08.94i.v380e9.r. 243w3a 8s(96 .s12bt30ar8 et(ee62dc1 5sb0u0c02c8e4esbesafb20uc05l40le0y24.48b
da2bb01b0048e34cd8db2dba1cb507893-cdrbedfasc/5b7r9a-ncrhe-fhse/abdsr/a4n3c8h9-@h{#e2ad9s4/}) 4o3n 8po9r@t{ #329436}0) on por
tO n23l1y8 8l
Ooncally  lcoocnaln ecocntinoenctiosn sa raer ea lallowleod.we
dPl.eas
eP sleeea shtet psse:e/ /hcthtprso:m/e/cdhrrivomere.dcrhirvoemri.ucmh.roormgi/usmec.uroirtgy-/csoencsuidreirtayt-icoonnss ifdore rsautgigoensst ifoonrs  soung gkeesetpiiongns  Chorno mkeDreievepr isnafg eC.h
romeDriver safe.
ChromeDriver was started successfully.
ChromeDriver was started successfully.
Mar 09, 2021 6:40:16 PM org.openqa.selenium.remote.ProtocolHandshake createSession
INFO: Detected dialect: W3C
Mar 09, 2021 6:40:16 PM org.openqa.selenium.remote.ProtocolHandshake createSession
INFO: Detected dialect: W3C
Mar 09, 2021 6:40:16 PM org.openqa.selenium.remote.ProtocolHandshake createSession
INFO: Detected dialect: W3C
]]></system-err>
  </testcase>
  <testcase name="getHeader" classname="Academy.ValidateTitle" time="0.478">
    <system-out><![CDATA[-----------------[[ChromeDriver: chrome on WINDOWS (ab64a58ede4b3f0924c8b7435765b6cf)] -> css selector: div[class*="video-banner"] h3]
]]></system-out>
  </testcase>
  <testcase name="getTitle" classname="Academy.ValidateTitle" time="0.181">
    <failure message="expected [FEATURED COURSES..] but found [FEATURED COURSES]" type="java.lang.AssertionError"><![CDATA[java.lang.AssertionError: expected [FEATURED COURSES..] but found [FEATURED COURSES]
	at Academy.ValidateTitle.getTitle(ValidateTitle.java:36)
]]></failure>
  </testcase>
  <testcase name="basePageNavigation[mailtosusmith@gmail.com, chuchu123](1)" classname="Academy.HomePageNavigation" time="3.067"/>
  <testcase name="basePageNavigation[mailtoprasad@gmail.com, prasad123](2)" classname="Academy.HomePageNavigation" time="3.742"/>
</testsuite>